<?xml version="1.0" encoding="UTF-8"?>
<testsuite name="com.braniac.core.fs.FileSystemServiceTest" tests="3" skipped="0" failures="0" errors="0" timestamp="2025-09-18T04:45:22.467Z" hostname="Simons-MacBook-Air.local" time="0.016">
  <properties/>
  <testcase name="should read and write simple text files" classname="com.braniac.core.fs.FileSystemServiceTest" time="0.008"/>
  <testcase name="should read and write basic LTM files" classname="com.braniac.core.fs.FileSystemServiceTest" time="0.001"/>
  <testcase name="should acquire and release file locks" classname="com.braniac.core.fs.FileSystemServiceTest" time="0.005"/>
  <system-out><![CDATA[]]></system-out>
  <system-err><![CDATA[]]></system-err>
</testsuite>
